2025-10-31 20:55:33,587 - INFO - 股票列表保存成功
2025-10-31 20:55:33,587 - INFO - 添加股票: sz301170 锡南科技
2025-10-31 20:56:09,213 - INFO - 开始监控股票: sz301171
2025-10-31 20:56:09,213 - INFO - 开始监控股票: sh600036
2025-10-31 20:56:09,214 - INFO - 开始监控股票: sz000858
2025-10-31 20:56:09,214 - INFO - 开始监控股票: sh600519
2025-10-31 20:56:09,214 - INFO - 开始监控股票: sz301170
2025-10-31 20:56:09,214 - INFO - 开始监控所有股票
2025-10-31 20:58:40,778 - WARNING - 贵州茅台(sh600519) 主力净流入达到 8773.27 万元，超过阈值 8000.00 万元
2025-10-31 20:58:48,047 - WARNING - 贵州茅台(sh600519) 主力净流入达到 8773.27 万元，超过阈值 8000.00 万元
2025-10-31 20:58:57,012 - WARNING - 贵州茅台(sh600519) 主力净流入达到 8773.27 万元，超过阈值 8000.00 万元
2025-10-31 20:59:07,991 - WARNING - 贵州茅台(sh600519) 主力净流入达到 8773.27 万元，超过阈值 8000.00 万元
2025-10-31 20:59:09,642 - INFO - 停止监控所有股票
2025-10-31 20:59:09,651 - INFO - 停止监控股票: sh600036
2025-10-31 20:59:09,686 - INFO - 停止监控股票: sz301170
2025-10-31 20:59:09,698 - INFO - 停止监控股票: sh600519
2025-10-31 20:59:10,049 - INFO - 停止监控股票: sz000858
2025-10-31 20:59:11,402 - INFO - 停止监控股票: sz301171
2025-10-31 21:01:38,165 - INFO - 股票列表加载成功
2025-10-31 21:02:05,776 - INFO - 股票列表保存成功
2025-10-31 21:02:05,777 - INFO - 添加股票: sz301169 零点有数
2025-10-31 21:02:12,112 - INFO - 开始监控股票: sz301171
2025-10-31 21:02:12,113 - INFO - 开始监控股票: sh600036
2025-10-31 21:02:12,113 - INFO - 开始监控股票: sz000858
2025-10-31 21:02:12,113 - INFO - 开始监控股票: sh600519
2025-10-31 21:02:12,113 - INFO - 开始监控股票: sz301170
2025-10-31 21:02:12,114 - INFO - 开始监控股票: sz301169
2025-10-31 21:02:12,114 - INFO - 开始监控所有股票
2025-10-31 21:02:14,166 - WARNING - 贵州茅台(sh600519) 主力净流入达到 8773.27 万元，超过阈值 8000.00 万元
2025-10-31 21:02:54,125 - WARNING - 零点有数(sz301169) 主力净流入达到 -990.85 万元，低于阈值 990.00 万元
2025-10-31 21:03:01,070 - WARNING - 零点有数(sz301169) 主力净流入达到 -990.85 万元，低于阈值 990.00 万元
2025-10-31 21:03:15,598 - INFO - 股票列表保存成功
2025-10-31 21:03:15,598 - INFO - 移除股票: sz000858
2025-10-31 21:03:15,634 - INFO - 停止监控股票: sz000858
2025-10-31 21:03:25,772 - INFO - 停止监控所有股票
2025-10-31 21:03:25,781 - INFO - 停止监控股票: sh600036
2025-10-31 21:03:25,808 - INFO - 停止监控股票: sz301169
2025-10-31 21:03:25,850 - INFO - 停止监控股票: sh600519
2025-10-31 21:03:25,858 - INFO - 停止监控股票: sz301171
2025-10-31 21:03:25,864 - INFO - 停止监控股票: sz301170
2025-10-31 21:03:57,533 - INFO - 股票列表保存成功
